<?xml version="1.0" encoding="UTF-8"?>
<!-- Generated by org.testng.reporters.JUnitXMLReporter -->
<testsuite ignored="6" hostname="users-MBP" failures="1" tests="4" name="home page test" time="62.741" errors="0" timestamp="2021-03-09T21:50:46 CET">
  <testcase classname="com.qa.ispeakbetter.tests.LoginPageTest" name="loginTest" time="7.135"/>
  <testcase classname="com.qa.ispeakbetter.tests.LoginPageTest" name="verifyWelcomeMessage" time="4.705">
    <failure type="java.lang.AssertionError" message="expected [Good Afternoon Talha,] but found [Good Evening Talha,]">
      <![CDATA[java.lang.AssertionError: expected [Good Afternoon Talha,] but found [Good Evening Talha,]
at org.testng.Assert.fail(Assert.java:99)
at org.testng.Assert.failNotEquals(Assert.java:1037)
at org.testng.Assert.assertEqualsImpl(Assert.java:140)
at org.testng.Assert.assertEquals(Assert.java:122)
at org.testng.Assert.assertEquals(Assert.java:629)
at org.testng.Assert.assertEquals(Assert.java:639)
at com.qa.ispeakbetter.tests.LoginPageTest.verifyWelcomeMessage(LoginPageTest.java:61)
at java.base/jdk.internal.reflect.NativeMethodAccessorImpl.invoke0(Native Method)
at java.base/jdk.internal.reflect.NativeMethodAccessorImpl.invoke(NativeMethodAccessorImpl.java:64)
at java.base/jdk.internal.reflect.DelegatingMethodAccessorImpl.invoke(DelegatingMethodAccessorImpl.java:43)
at java.base/java.lang.reflect.Method.invoke(Method.java:564)
at org.testng.internal.MethodInvocationHelper.invokeMethod(MethodInvocationHelper.java:132)
at org.testng.internal.TestInvoker.invokeMethod(TestInvoker.java:599)
at org.testng.internal.TestInvoker.invokeTestMethod(TestInvoker.java:174)
at org.testng.internal.MethodRunner.runInSequence(MethodRunner.java:46)
at org.testng.internal.TestInvoker$MethodInvocationAgent.invoke(TestInvoker.java:822)
at org.testng.internal.TestInvoker.invokeTestMethods(TestInvoker.java:147)
at org.testng.internal.TestMethodWorker.invokeTestMethods(TestMethodWorker.java:146)
at org.testng.internal.TestMethodWorker.run(TestMethodWorker.java:128)
at java.base/java.util.ArrayList.forEach(ArrayList.java:1511)
at org.testng.TestRunner.privateRun(TestRunner.java:764)
at org.testng.TestRunner.run(TestRunner.java:585)
at org.testng.SuiteRunner.runTest(SuiteRunner.java:384)
at org.testng.SuiteRunner.runSequentially(SuiteRunner.java:378)
at org.testng.SuiteRunner.privateRun(SuiteRunner.java:337)
at org.testng.SuiteRunner.run(SuiteRunner.java:286)
at org.testng.SuiteRunnerWorker.runSuite(SuiteRunnerWorker.java:53)
at org.testng.SuiteRunnerWorker.run(SuiteRunnerWorker.java:96)
at org.testng.TestNG.runSuitesSequentially(TestNG.java:1218)
at org.testng.TestNG.runSuitesLocally(TestNG.java:1140)
at org.testng.TestNG.runSuites(TestNG.java:1069)
at org.testng.TestNG.run(TestNG.java:1037)
at org.testng.remote.AbstractRemoteTestNG.run(AbstractRemoteTestNG.java:115)
at org.testng.remote.RemoteTestNG.initAndRun(RemoteTestNG.java:251)
at org.testng.remote.RemoteTestNG.main(RemoteTestNG.java:77)
]]>
    </failure>
  </testcase> <!-- verifyWelcomeMessage -->
  <testcase classname="com.qa.ispeakbetter.tests.LoginPageTest" name="verifyLinkVocablaryBasket" time="5.424"/>
  <testcase classname="com.qa.ispeakbetter.tests.LoginPageTest" name="testSendingKeys" time="6.511"/>
  <testcase classname="com.qa.ispeakbetter.tests.LoginPageTest" name="verifyGoogleLink" time="0.0">
    <ignored/>
  </testcase> <!-- verifyGoogleLink -->
  <testcase classname="com.qa.ispeakbetter.tests.LoginPageTest" name="verifyTermsandConditions" time="0.0">
    <ignored/>
  </testcase> <!-- verifyTermsandConditions -->
  <testcase classname="com.qa.ispeakbetter.tests.LoginPageTest" name="testTryforFreeSection" time="0.0">
    <ignored/>
  </testcase> <!-- testTryforFreeSection -->
  <testcase classname="com.qa.ispeakbetter.tests.LoginPageTest" name="verifyMainPageTitle" time="0.0">
    <ignored/>
  </testcase> <!-- verifyMainPageTitle -->
  <testcase classname="com.qa.ispeakbetter.tests.LoginPageTest" name="testLanguageSection" time="0.0">
    <ignored/>
  </testcase> <!-- testLanguageSection -->
  <testcase classname="com.qa.ispeakbetter.tests.LoginPageTest" name="verifyMainPageURL" time="0.0">
    <ignored/>
  </testcase> <!-- verifyMainPageURL -->
</testsuite> <!-- home page test -->
