<?xml version="1.0" encoding="UTF-8"?>
<!-- Generated by org.testng.reporters.JUnitXMLReporter -->
<testsuite ignored="9" hostname="MTK.fritz.box" failures="0" tests="1" name="Default test" time="14.77" errors="0" timestamp="2021-04-03T02:17:39 CEST">
  <testcase classname="com.qa.ispeakbetter.tests.LoginPageTest" name="verifyMainPageTitle" time="0.251"/>
  <testcase classname="com.qa.ispeakbetter.tests.LoginPageTest" name="verifyLinkVocablaryBasket" time="0.0">
    <ignored/>
  </testcase> <!-- verifyLinkVocablaryBasket -->
  <testcase classname="com.qa.ispeakbetter.tests.LoginPageTest" name="testSendingKeys" time="0.0">
    <ignored/>
  </testcase> <!-- testSendingKeys -->
  <testcase classname="com.qa.ispeakbetter.tests.LoginPageTest" name="loginTest" time="0.0">
    <ignored/>
  </testcase> <!-- loginTest -->
  <testcase classname="com.qa.ispeakbetter.tests.LoginPageTest" name="verifyGoogleLink" time="0.0">
    <ignored/>
  </testcase> <!-- verifyGoogleLink -->
  <testcase classname="com.qa.ispeakbetter.tests.LoginPageTest" name="verifyTermsandConditions" time="0.0">
    <ignored/>
  </testcase> <!-- verifyTermsandConditions -->
  <testcase classname="com.qa.ispeakbetter.tests.LoginPageTest" name="testTryforFreeSection" time="0.0">
    <ignored/>
  </testcase> <!-- testTryforFreeSection -->
  <testcase classname="com.qa.ispeakbetter.tests.LoginPageTest" name="verifyWelcomeMessage" time="0.0">
    <ignored/>
  </testcase> <!-- verifyWelcomeMessage -->
  <testcase classname="com.qa.ispeakbetter.tests.LoginPageTest" name="testLanguageSection" time="0.0">
    <ignored/>
  </testcase> <!-- testLanguageSection -->
  <testcase classname="com.qa.ispeakbetter.tests.LoginPageTest" name="verifyMainPageURL" time="0.0">
    <ignored/>
  </testcase> <!-- verifyMainPageURL -->
</testsuite> <!-- Default test -->
