<?xml version="1.0" encoding="UTF-8"?>
<testng-results ignored="9" total="10" passed="1" failed="0" skipped="0">
  <reporter-output>
  </reporter-output>
  <suite started-at="2021-04-03T02:17:24 CEST" name="Default suite" finished-at="2021-04-03T02:17:39 CEST" duration-ms="14770">
    <groups>
      <group name="main_page">
        <method signature="LoginPageTest.verifyMainPageTitle()[pri:1, instance:com.qa.ispeakbetter.tests.LoginPageTest@2beee7ff]" name="verifyMainPageTitle" class="com.qa.ispeakbetter.tests.LoginPageTest"/>
      </group> <!-- main_page -->
    </groups>
    <test started-at="2021-04-03T02:17:24 CEST" name="Default test" finished-at="2021-04-03T02:17:39 CEST" duration-ms="14770">
      <class name="com.qa.ispeakbetter.tests.LoginPageTest">
        <test-method is-config="true" signature="setUp()[pri:0, instance:com.qa.ispeakbetter.tests.LoginPageTest@2beee7ff]" started-at="2021-04-03T02:17:24 CEST" name="setUp" finished-at="2021-04-03T02:17:38 CEST" duration-ms="14172" status="PASS">
          <reporter-output>
          </reporter-output>
        </test-method> <!-- setUp -->
        <test-method signature="verifyMainPageTitle()[pri:1, instance:com.qa.ispeakbetter.tests.LoginPageTest@2beee7ff]" started-at="2021-04-03T02:17:38 CEST" name="verifyMainPageTitle" description="this test verifies main page title" finished-at="2021-04-03T02:17:39 CEST" duration-ms="251" status="PASS">
          <reporter-output>
          </reporter-output>
        </test-method> <!-- verifyMainPageTitle -->
        <test-method is-config="true" signature="tearDown()[pri:0, instance:com.qa.ispeakbetter.tests.LoginPageTest@2beee7ff]" started-at="2021-04-03T02:17:39 CEST" name="tearDown" finished-at="2021-04-03T02:17:39 CEST" duration-ms="278" status="PASS">
          <reporter-output>
          </reporter-output>
        </test-method> <!-- tearDown -->
      </class> <!-- com.qa.ispeakbetter.tests.LoginPageTest -->
    </test> <!-- Default test -->
  </suite> <!-- Default suite -->
</testng-results>
